TN:
SF:src/index.ts
FNF:0
FNH:0
DA:1,1
DA:2,1
DA:3,1
DA:4,1
DA:5,1
DA:6,1
DA:7,1
DA:8,1
DA:9,1
DA:10,1
DA:11,0
DA:12,0
DA:13,1
DA:14,1
DA:15,1
DA:16,1
DA:17,1
DA:18,1
DA:19,1
DA:20,1
DA:21,1
DA:22,1
DA:23,1
DA:24,1
DA:25,1
DA:26,1
DA:27,0
DA:28,0
DA:29,0
DA:30,1
DA:31,1
LF:31
LH:26
BRDA:10,0,0,0
BRDA:26,1,0,0
BRF:2
BRH:0
end_of_record
TN:
SF:src/application/usecases/CreateFeedUseCase.ts
FN:6,execute
FNF:1
FNH:1
FNDA:1,execute
DA:1,1
DA:2,1
DA:3,1
DA:4,1
DA:5,1
DA:6,1
DA:7,1
DA:8,1
DA:9,1
DA:10,1
DA:11,1
DA:12,1
DA:13,1
DA:14,1
DA:15,1
DA:16,1
LF:16
LH:16
BRDA:6,0,0,1
BRF:1
BRH:1
end_of_record
TN:
SF:src/application/usecases/DeleteFeedUseCase.ts
FN:4,execute
FNF:1
FNH:1
FNDA:1,execute
DA:1,1
DA:2,1
DA:3,1
DA:4,1
DA:5,1
DA:6,1
DA:7,1
DA:8,1
LF:8
LH:8
BRDA:4,0,0,1
BRF:1
BRH:1
end_of_record
TN:
SF:src/application/usecases/GetAllFeedsUseCase.ts
FN:4,execute
FNF:1
FNH:1
FNDA:1,execute
DA:1,1
DA:2,1
DA:3,1
DA:4,1
DA:5,1
DA:6,1
DA:7,1
DA:8,1
LF:8
LH:8
BRDA:4,0,0,1
BRF:1
BRH:1
end_of_record
TN:
SF:src/application/usecases/GetFeedByIdUseCase.ts
FN:4,execute
FNF:1
FNH:1
FNDA:1,execute
DA:1,1
DA:2,1
DA:3,1
DA:4,1
DA:5,1
DA:6,1
DA:7,1
DA:8,1
LF:8
LH:8
BRDA:4,0,0,1
BRF:1
BRH:1
end_of_record
TN:
SF:src/application/usecases/ReadFeedsUseCase.ts
FN:7,execute
FNF:1
FNH:0
FNDA:0,execute
DA:1,1
DA:2,1
DA:3,1
DA:4,1
DA:5,1
DA:6,1
DA:7,1
DA:8,0
DA:9,0
DA:10,0
DA:11,0
DA:12,0
DA:13,0
DA:14,0
DA:15,0
DA:16,0
DA:17,0
DA:18,0
DA:19,0
DA:20,0
DA:21,0
DA:22,1
LF:22
LH:8
BRF:0
BRH:0
end_of_record
TN:
SF:src/application/usecases/UpdateFeedUseCase.ts
FN:6,execute
FNF:1
FNH:1
FNDA:1,execute
DA:1,1
DA:2,1
DA:3,1
DA:4,1
DA:5,1
DA:6,1
DA:7,1
DA:8,1
DA:9,1
DA:10,1
LF:10
LH:10
BRDA:6,0,0,1
BRF:1
BRH:1
end_of_record
TN:
SF:src/domain/entities/FeedEntity.ts
FN:16,FeedEntity
FN:25,isValidUrl
FN:35,toJSON
FNF:3
FNH:2
FNDA:1,FeedEntity
FNDA:0,isValidUrl
FNDA:1,toJSON
DA:1,1
DA:2,1
DA:3,1
DA:4,1
DA:5,1
DA:6,1
DA:7,1
DA:8,1
DA:9,1
DA:10,1
DA:11,1
DA:12,1
DA:13,1
DA:14,1
DA:15,1
DA:16,1
DA:17,1
DA:18,1
DA:19,1
DA:20,1
DA:21,1
DA:22,1
DA:23,1
DA:24,1
DA:25,1
DA:26,0
DA:27,0
DA:28,0
DA:29,0
DA:30,0
DA:31,0
DA:32,0
DA:33,1
DA:34,1
DA:35,1
DA:36,1
DA:37,1
DA:38,1
DA:39,1
DA:40,1
DA:41,1
DA:42,1
DA:43,1
DA:44,1
LF:44
LH:37
BRDA:16,0,0,1
BRDA:17,1,0,0
BRDA:19,2,0,0
BRDA:20,3,0,0
BRDA:35,4,0,1
BRF:5
BRH:2
end_of_record
TN:
SF:src/infrastructure/FeedScraper.ts
FN:12,scrape
FN:48,getSourceName
FN:52,getBaseUrl
FN:56,extractArticles
FN:68,getSourceName
FN:72,getBaseUrl
FN:76,extractArticles
FN:87,scrapeNews
FNF:8
FNH:2
FNDA:0,scrape
FNDA:0,getSourceName
FNDA:0,getBaseUrl
FNDA:3,extractArticles
FNDA:0,getSourceName
FNDA:0,getBaseUrl
FNDA:2,extractArticles
FNDA:0,scrapeNews
DA:1,1
DA:2,1
DA:3,1
DA:4,1
DA:5,1
DA:6,1
DA:7,1
DA:8,1
DA:9,1
DA:10,1
DA:11,1
DA:12,1
DA:13,0
DA:14,0
DA:15,0
DA:16,0
DA:17,0
DA:18,0
DA:19,0
DA:20,0
DA:21,0
DA:22,0
DA:23,0
DA:24,0
DA:25,0
DA:26,0
DA:27,0
DA:28,0
DA:29,0
DA:30,0
DA:31,0
DA:32,0
DA:33,0
DA:34,0
DA:35,0
DA:36,0
DA:37,0
DA:38,0
DA:39,0
DA:40,0
DA:41,0
DA:42,0
DA:43,0
DA:44,1
DA:45,1
DA:46,1
DA:47,1
DA:48,1
DA:49,0
DA:50,0
DA:51,1
DA:52,1
DA:53,0
DA:54,0
DA:55,1
DA:56,1
DA:57,3
DA:58,1
DA:59,2
DA:60,2
DA:61,2
DA:62,3
DA:63,3
DA:64,1
DA:65,1
DA:66,1
DA:67,1
DA:68,1
DA:69,0
DA:70,0
DA:71,1
DA:72,1
DA:73,0
DA:74,0
DA:75,1
DA:76,1
DA:77,2
DA:78,1
DA:79,2
DA:80,2
DA:81,2
DA:82,2
DA:83,2
DA:84,1
DA:85,1
DA:86,1
DA:87,1
DA:88,0
DA:89,0
DA:90,0
DA:91,0
DA:92,0
DA:93,0
DA:94,1
DA:95,1
LF:95
LH:50
BRDA:56,0,0,3
BRDA:57,1,0,1
BRDA:58,2,0,2
BRDA:59,3,0,0
BRDA:59,4,0,0
BRDA:60,5,0,0
BRDA:76,6,0,2
BRDA:77,7,0,1
BRDA:78,8,0,2
BRDA:79,9,0,0
BRDA:79,10,0,0
BRDA:80,11,0,0
BRF:12
BRH:6
end_of_record
TN:
SF:src/infrastructure/FeedScraperExample.ts
FN:6,scrapeNews
FNF:1
FNH:1
FNDA:1,scrapeNews
DA:1,1
DA:2,1
DA:3,1
DA:4,1
DA:5,1
DA:6,1
DA:7,1
DA:8,1
DA:9,1
DA:10,1
DA:11,1
DA:12,1
DA:13,1
DA:14,1
DA:15,1
DA:16,1
DA:17,0
DA:18,0
DA:19,0
DA:20,0
DA:21,0
DA:22,0
DA:23,0
DA:24,0
DA:25,0
DA:26,0
DA:27,0
DA:28,0
DA:29,0
DA:30,0
DA:31,0
DA:32,0
DA:33,0
DA:34,0
DA:35,1
DA:36,0
DA:37,0
DA:38,0
DA:39,0
DA:40,0
DA:41,0
DA:42,0
DA:43,0
DA:44,0
DA:45,0
DA:46,0
DA:47,1
DA:48,0
DA:49,0
DA:50,0
LF:50
LH:18
BRDA:6,0,0,1
BRDA:6,1,0,1
BRDA:17,2,0,0
BRDA:35,3,0,0
BRDA:48,4,0,0
BRF:5
BRH:2
end_of_record
TN:
SF:src/infrastructure/database.ts
FN:3,connectDB
FNF:1
FNH:0
FNDA:0,connectDB
DA:1,1
DA:2,1
DA:3,1
DA:4,0
DA:5,0
DA:6,0
DA:7,0
DA:8,0
DA:9,0
DA:10,0
DA:11,0
LF:11
LH:3
BRF:0
BRH:0
end_of_record
TN:
SF:src/infrastructure/persistence/FeedRepository.ts
FN:24,createFeed
FN:29,getAllFeeds
FN:33,getFeedById
FN:37,updateFeed
FN:41,deleteFeed
FNF:5
FNH:5
FNDA:1,createFeed
FNDA:1,getAllFeeds
FNDA:1,getFeedById
FNDA:1,updateFeed
FNDA:1,deleteFeed
DA:1,1
DA:2,1
DA:3,1
DA:4,1
DA:5,1
DA:6,1
DA:7,1
DA:8,1
DA:9,1
DA:10,1
DA:11,1
DA:12,1
DA:13,1
DA:14,1
DA:15,1
DA:16,1
DA:17,1
DA:18,1
DA:19,1
DA:20,1
DA:21,1
DA:22,1
DA:23,1
DA:24,1
DA:25,1
DA:26,1
DA:27,1
DA:28,1
DA:29,1
DA:30,1
DA:31,1
DA:32,1
DA:33,1
DA:34,1
DA:35,1
DA:36,1
DA:37,1
DA:38,1
DA:39,1
DA:40,1
DA:41,1
DA:42,1
DA:43,1
DA:44,1
LF:44
LH:44
BRDA:24,0,0,1
BRDA:29,1,0,1
BRDA:33,2,0,1
BRDA:37,3,0,1
BRDA:41,4,0,1
BRF:5
BRH:5
end_of_record
TN:
SF:src/infrastructure/services/ElMundoScraper.ts
FN:5,getSourceName
FN:9,scrape
FNF:2
FNH:0
FNDA:0,getSourceName
FNDA:0,scrape
DA:1,1
DA:2,1
DA:3,1
DA:4,1
DA:5,1
DA:6,0
DA:7,0
DA:8,1
DA:9,1
DA:10,0
DA:11,0
DA:12,0
DA:13,0
DA:14,0
DA:15,0
DA:16,0
DA:17,0
DA:18,0
DA:19,0
DA:20,0
DA:21,0
DA:22,0
DA:23,0
DA:24,1
LF:24
LH:8
BRF:0
BRH:0
end_of_record
TN:
SF:src/infrastructure/services/ElPaisScraper.ts
FN:4,getSourceName
FN:8,scrape
FNF:2
FNH:0
FNDA:0,getSourceName
FNDA:0,scrape
DA:1,1
DA:2,1
DA:3,1
DA:4,1
DA:5,0
DA:6,0
DA:7,1
DA:8,1
DA:9,0
DA:10,0
DA:11,0
DA:12,0
DA:13,0
DA:14,0
DA:15,0
DA:16,0
DA:17,0
DA:18,0
DA:19,0
DA:20,0
DA:21,0
DA:22,0
DA:23,1
LF:23
LH:7
BRF:0
BRH:0
end_of_record
TN:
SF:src/interfaces/controllers/FeedController.ts
FN:12,index
FN:22,show
FN:33,create
FN:50,update
FN:68,destroy
FN:79,readFeeds
FN:88,scrape
FNF:7
FNH:6
FNDA:1,index
FNDA:1,show
FNDA:1,create
FNDA:1,update
FNDA:1,destroy
FNDA:0,readFeeds
FNDA:2,scrape
DA:1,1
DA:2,1
DA:3,1
DA:4,1
DA:5,1
DA:6,1
DA:7,1
DA:8,1
DA:9,1
DA:10,1
DA:11,1
DA:12,1
DA:13,1
DA:14,1
DA:15,1
DA:16,1
DA:17,0
DA:18,0
DA:19,1
DA:20,1
DA:21,1
DA:22,1
DA:23,1
DA:24,1
DA:25,1
DA:26,1
DA:27,1
DA:28,0
DA:29,0
DA:30,1
DA:31,1
DA:32,1
DA:33,1
DA:34,1
DA:35,1
DA:36,1
DA:37,1
DA:38,0
DA:39,0
DA:40,1
DA:41,1
DA:42,1
DA:43,1
DA:44,1
DA:45,0
DA:46,0
DA:47,1
DA:48,1
DA:49,1
DA:50,1
DA:51,1
DA:52,1
DA:53,1
DA:54,1
DA:55,0
DA:56,0
DA:57,1
DA:58,1
DA:59,1
DA:60,1
DA:61,1
DA:62,1
DA:63,0
DA:64,0
DA:65,1
DA:66,1
DA:67,1
DA:68,1
DA:69,1
DA:70,1
DA:71,1
DA:72,1
DA:73,1
DA:74,0
DA:75,0
DA:76,1
DA:77,1
DA:78,1
DA:79,1
DA:80,0
DA:81,0
DA:82,0
DA:83,0
DA:84,0
DA:85,0
DA:86,0
DA:87,1
DA:88,1
DA:89,2
DA:90,2
DA:91,1
DA:92,1
DA:93,0
DA:94,0
DA:95,0
DA:96,2
DA:97,1
DA:98,1
DA:99,1
LF:99
LH:75
BRDA:12,0,0,1
BRDA:16,1,0,0
BRDA:22,2,0,1
BRDA:25,3,0,0
BRDA:27,4,0,0
BRDA:33,5,0,1
BRDA:37,6,0,0
BRDA:44,7,0,0
BRDA:50,8,0,1
BRDA:54,9,0,0
BRDA:60,10,0,0
BRDA:62,11,0,0
BRDA:68,12,0,1
BRDA:73,13,0,0
BRDA:88,14,0,2
BRDA:91,15,0,1
BRDA:92,16,0,0
BRF:17
BRH:7
end_of_record
TN:
SF:src/tests/setupMongo.ts
FN:6,connectMongo
FN:16,closeMongo
FN:25,clearMongo
FNF:3
FNH:3
FNDA:3,connectMongo
FNDA:3,closeMongo
FNDA:12,clearMongo
DA:1,1
DA:2,1
DA:3,1
DA:4,1
DA:5,1
DA:6,1
DA:7,3
DA:8,3
DA:9,3
DA:10,3
DA:11,3
DA:12,3
DA:13,3
DA:14,3
DA:15,1
DA:16,1
DA:17,3
DA:18,3
DA:19,3
DA:20,3
DA:21,3
DA:22,3
DA:23,3
DA:24,1
DA:25,1
DA:26,12
DA:27,12
DA:28,12
DA:29,12
DA:30,12
DA:31,12
DA:32,12
DA:33,12
LF:33
LH:33
BRDA:6,0,0,3
BRDA:6,1,0,3
BRDA:16,2,0,3
BRDA:16,3,0,3
BRDA:25,4,0,12
BRDA:25,5,0,12
BRF:6
BRH:6
end_of_record
TN:
SF:src/utils/middlewares/error.middleware.ts
FN:4,errorHandler
FNF:1
FNH:0
FNDA:0,errorHandler
DA:1,1
DA:2,1
DA:3,1
DA:4,0
DA:5,0
DA:6,0
DA:7,0
DA:8,1
DA:9,1
LF:9
LH:5
BRF:0
BRH:0
end_of_record
TN:
SF:src/utils/validation/feed.validation.ts
FNF:0
FNH:0
DA:1,1
DA:2,1
DA:3,1
DA:4,1
DA:5,1
DA:6,1
DA:7,1
DA:8,1
DA:9,1
DA:10,1
DA:11,1
DA:12,1
DA:13,1
DA:14,1
DA:15,1
LF:15
LH:15
BRF:0
BRH:0
end_of_record
